# JRE version: Java(TM) SE Runtime Environment (8.0_211-b12) (build 1.8.0_211-b12)
# Java VM: Java HotSpot(TM) 64-Bit Server VM (25.211-b12 mixed mode windows-amd64 compressed oops)
Heap:
 PSYoungGen      total 37888K, used 11065K [0x00000000d6100000, 0x00000000d8b00000, 0x0000000100000000)
  eden space 32768K, 33% used [0x00000000d6100000,0x00000000d6bce4a8,0x00000000d8100000)
  from space 5120K, 0% used [0x00000000d8100000,0x00000000d8100000,0x00000000d8600000)
  to   space 5120K, 0% used [0x00000000d8600000,0x00000000d8600000,0x00000000d8b00000)
 ParOldGen       total 61440K, used 1184K [0x0000000082200000, 0x0000000085e00000, 0x00000000d6100000)
  object space 61440K, 1% used [0x0000000082200000,0x0000000082328130,0x0000000085e00000)
 Metaspace       used 12001K, capacity 12288K, committed 12672K, reserved 1071104K
  class space    used 1604K, capacity 1660K, committed 1664K, reserved 1048576K
GC Heap History (4 events):
Event: 0.233 GC heap before
{Heap before GC invocations=1 (full 0):
 PSYoungGen      total 37888K, used 4588K [0x00000000d6100000, 0x00000000d8b00000, 0x0000000100000000)
  eden space 32768K, 14% used [0x00000000d6100000,0x00000000d657b008,0x00000000d8100000)
  from space 5120K, 0% used [0x00000000d8600000,0x00000000d8600000,0x00000000d8b00000)
  to   space 5120K, 0% used [0x00000000d8100000,0x00000000d8100000,0x00000000d8600000)
 ParOldGen       total 86016K, used 0K [0x0000000082200000, 0x0000000087600000, 0x00000000d6100000)
  object space 86016K, 0% used [0x0000000082200000,0x0000000082200000,0x0000000087600000)
 Metaspace       used 6472K, capacity 6604K, committed 6784K, reserved 1067008K
  class space    used 770K, capacity 865K, committed 896K, reserved 1048576K
Event: 0.234 GC heap after
Heap after GC invocations=1 (full 0):
 PSYoungGen      total 37888K, used 1500K [0x00000000d6100000, 0x00000000d8b00000, 0x0000000100000000)
  eden space 32768K, 0% used [0x00000000d6100000,0x00000000d6100000,0x00000000d8100000)
  from space 5120K, 29% used [0x00000000d8100000,0x00000000d8277250,0x00000000d8600000)
  to   space 5120K, 0% used [0x00000000d8600000,0x00000000d8600000,0x00000000d8b00000)
 ParOldGen       total 86016K, used 8K [0x0000000082200000, 0x0000000087600000, 0x00000000d6100000)
  object space 86016K, 0% used [0x0000000082200000,0x0000000082202000,0x0000000087600000)
 Metaspace       used 6472K, capacity 6604K, committed 6784K, reserved 1067008K
  class space    used 770K, capacity 865K, committed 896K, reserved 1048576K
}
Event: 0.234 GC heap before
{Heap before GC invocations=2 (full 1):
 PSYoungGen      total 37888K, used 1500K [0x00000000d6100000, 0x00000000d8b00000, 0x0000000100000000)
  eden space 32768K, 0% used [0x00000000d6100000,0x00000000d6100000,0x00000000d8100000)
  from space 5120K, 29% used [0x00000000d8100000,0x00000000d8277250,0x00000000d8600000)
  to   space 5120K, 0% used [0x00000000d8600000,0x00000000d8600000,0x00000000d8b00000)
 ParOldGen       total 86016K, used 8K [0x0000000082200000, 0x0000000087600000, 0x00000000d6100000)
  object space 86016K, 0% used [0x0000000082200000,0x0000000082202000,0x0000000087600000)
 Metaspace       used 6472K, capacity 6604K, committed 6784K, reserved 1067008K
  class space    used 770K, capacity 865K, committed 896K, reserved 1048576K
Event: 0.242 GC heap after
Heap after GC invocations=2 (full 1):
 PSYoungGen      total 37888K, used 0K [0x00000000d6100000, 0x00000000d8b00000, 0x0000000100000000)
  eden space 32768K, 0% used [0x00000000d6100000,0x00000000d6100000,0x00000000d8100000)
  from space 5120K, 0% used [0x00000000d8100000,0x00000000d8100000,0x00000000d8600000)
  to   space 5120K, 0% used [0x00000000d8600000,0x00000000d8600000,0x00000000d8b00000)
 ParOldGen       total 61440K, used 1184K [0x0000000082200000, 0x0000000085e00000, 0x00000000d6100000)
  object space 61440K, 1% used [0x0000000082200000,0x0000000082328130,0x0000000085e00000)
 Metaspace       used 6472K, capacity 6604K, committed 6784K, reserved 1064960K
  class space    used 770K, capacity 865K, committed 896K, reserved 1048576K
}

